<?xml version="1.0" encoding="UTF-8"?>
<!-- Generated by org.testng.reporters.JUnitXMLReporter -->
<testsuite hostname="LAPTOP-Q8UQAUDS" ignored="3" name="test" tests="3" failures="0" timestamp="2022-06-27T09:12:25 IST" time="0.163" errors="0">
  <testcase name="test1" time="0.026" classname="testNG2.Sample3"/>
  <testcase name="test3" time="0.002" classname="testNG2.Sample3"/>
  <testcase name="test5" time="0.002" classname="testNG2.Sample3"/>
  <testcase name="test6" time="0.0" classname="testNG2.Sample3">
    <ignored/>
  </testcase> <!-- test6 -->
  <testcase name="test4" time="0.0" classname="testNG2.Sample3">
    <ignored/>
  </testcase> <!-- test4 -->
  <testcase name="test2" time="0.0" classname="testNG2.Sample3">
    <ignored/>
  </testcase> <!-- test2 -->
</testsuite> <!-- test -->
