<?xml version="1.0" encoding="UTF-8"?>
<!-- Generated by org.testng.reporters.JUnitXMLReporter -->
<testsuite hostname="LAPTOP-Q8UQAUDS" ignored="3" name="Default test(failed)(failed)(failed)(failed)" tests="3" failures="3" timestamp="2022-06-27T09:08:26 IST" time="0.255" errors="0">
  <testcase name="test4" time="0.035" classname="testNG2.Sample2">
    <failure type="java.lang.AssertionError" message="null">
      <![CDATA[java.lang.AssertionError: null
at testNG2.Sample2.test4(Sample2.java:35)
at java.util.ArrayList.forEach(Unknown Source)
... Removed 29 stack frames]]>
    </failure>
  </testcase> <!-- test4 -->
  <testcase name="test3" time="0.005" classname="testNG2.Sample2">
    <failure type="java.lang.AssertionError" message="null">
      <![CDATA[java.lang.AssertionError: null
at testNG2.Sample2.test3(Sample2.java:28)
at java.util.ArrayList.forEach(Unknown Source)
... Removed 29 stack frames]]>
    </failure>
  </testcase> <!-- test3 -->
  <testcase name="test5" time="0.002" classname="testNG2.Sample2">
    <failure type="java.lang.AssertionError" message="null">
      <![CDATA[java.lang.AssertionError: null
at testNG2.Sample2.test5(Sample2.java:42)
at java.util.ArrayList.forEach(Unknown Source)
... Removed 29 stack frames]]>
    </failure>
  </testcase> <!-- test5 -->
  <testcase name="test6" time="0.0" classname="testNG2.Sample2">
    <ignored/>
  </testcase> <!-- test6 -->
  <testcase name="test2" time="0.0" classname="testNG2.Sample2">
    <ignored/>
  </testcase> <!-- test2 -->
  <testcase name="test1" time="0.0" classname="testNG2.Sample2">
    <ignored/>
  </testcase> <!-- test1 -->
</testsuite> <!-- Default test(failed)(failed)(failed)(failed) -->
