<?xml version="1.0" encoding="UTF-8"?>
<!-- Generated by org.testng.reporters.JUnitXMLReporter -->
<testsuite hostname="LAPTOP-Q8UQAUDS" ignored="4" name="Test" tests="8" failures="0" timestamp="2022-06-28T08:50:07 IST" time="0.204" errors="0">
  <testcase name="TC01" time="0.027" classname="testNG2.Sample5"/>
  <testcase name="TC03" time="0.003" classname="testNG2.Sample5"/>
  <testcase name="TC04" time="0.003" classname="testNG2.Sample5"/>
  <testcase name="test1" time="0.004" classname="testNG2.Sample4"/>
  <testcase name="test2" time="0.003" classname="testNG2.Sample4"/>
  <testcase name="test3" time="0.002" classname="testNG2.Sample4"/>
  <testcase name="test7" time="0.003" classname="testNG2.Sample4"/>
  <testcase name="test8" time="0.003" classname="testNG2.Sample4"/>
  <testcase name="test5" time="0.0" classname="testNG2.Sample4">
    <ignored/>
  </testcase> <!-- test5 -->
  <testcase name="TC02" time="0.0" classname="testNG2.Sample5">
    <ignored/>
  </testcase> <!-- TC02 -->
  <testcase name="test4" time="0.0" classname="testNG2.Sample4">
    <ignored/>
  </testcase> <!-- test4 -->
  <testcase name="test6" time="0.0" classname="testNG2.Sample4">
    <ignored/>
  </testcase> <!-- test6 -->
</testsuite> <!-- Test -->
